# JRE version: Java(TM) SE Runtime Environment (8.0_111-b14) (build 1.8.0_111-b14)
# Java VM: Java HotSpot(TM) 64-Bit Server VM (25.111-b14 mixed mode windows-amd64 compressed oops)
Heap:
 PSYoungGen      total 211456K, used 98942K [0x00000000ef500000, 0x00000000ffb80000, 0x0000000100000000)
  eden space 189952K, 40% used [0x00000000ef500000,0x00000000f40f0690,0x00000000fae80000)
  from space 21504K, 98% used [0x00000000fae80000,0x00000000fc32f528,0x00000000fc380000)
  to   space 39424K, 0% used [0x00000000fd500000,0x00000000fd500000,0x00000000ffb80000)
 ParOldGen       total 133120K, used 114987K [0x00000000cde00000, 0x00000000d6000000, 0x00000000ef500000)
  object space 133120K, 86% used [0x00000000cde00000,0x00000000d4e4ac40,0x00000000d6000000)
 Metaspace       used 109933K, capacity 122772K, committed 122920K, reserved 1155072K
  class space    used 13671K, capacity 17380K, committed 17448K, reserved 1048576K
GC Heap History (10 events):
Event: 455.342 GC heap before
{Heap before GC invocations=74 (full 5):
 PSYoungGen      total 231424K, used 221868K [0x00000000ef500000, 0x0000000100000000, 0x0000000100000000)
  eden space 192512K, 100% used [0x00000000ef500000,0x00000000fb100000,0x00000000fb100000)
  from space 38912K, 75% used [0x00000000fda00000,0x00000000ff6ab360,0x0000000100000000)
  to   space 40448K, 0% used [0x00000000fb100000,0x00000000fb100000,0x00000000fd880000)
 ParOldGen       total 133120K, used 106357K [0x00000000cde00000, 0x00000000d6000000, 0x00000000ef500000)
  object space 133120K, 79% used [0x00000000cde00000,0x00000000d45dd500,0x00000000d6000000)
 Metaspace       used 109309K, capacity 122058K, committed 122408K, reserved 1155072K
  class space    used 13646K, capacity 17366K, committed 17448K, reserved 1048576K
Event: 455.382 GC heap after
Heap after GC invocations=74 (full 5):
 PSYoungGen      total 221696K, used 29097K [0x00000000ef500000, 0x0000000100000000, 0x0000000100000000)
  eden space 192512K, 0% used [0x00000000ef500000,0x00000000ef500000,0x00000000fb100000)
  from space 29184K, 99% used [0x00000000fb100000,0x00000000fcd6a528,0x00000000fcd80000)
  to   space 41472K, 0% used [0x00000000fd780000,0x00000000fd780000,0x0000000100000000)
 ParOldGen       total 133120K, used 106365K [0x00000000cde00000, 0x00000000d6000000, 0x00000000ef500000)
  object space 133120K, 79% used [0x00000000cde00000,0x00000000d45df500,0x00000000d6000000)
 Metaspace       used 109309K, capacity 122058K, committed 122408K, reserved 1155072K
  class space    used 13646K, capacity 17366K, committed 17448K, reserved 1048576K
}
Event: 462.081 GC heap before
{Heap before GC invocations=75 (full 5):
 PSYoungGen      total 221696K, used 221609K [0x00000000ef500000, 0x0000000100000000, 0x0000000100000000)
  eden space 192512K, 100% used [0x00000000ef500000,0x00000000fb100000,0x00000000fb100000)
  from space 29184K, 99% used [0x00000000fb100000,0x00000000fcd6a528,0x00000000fcd80000)
  to   space 41472K, 0% used [0x00000000fd780000,0x00000000fd780000,0x0000000100000000)
 ParOldGen       total 133120K, used 106365K [0x00000000cde00000, 0x00000000d6000000, 0x00000000ef500000)
  object space 133120K, 79% used [0x00000000cde00000,0x00000000d45df500,0x00000000d6000000)
 Metaspace       used 109324K, capacity 122122K, committed 122408K, reserved 1155072K
  class space    used 13646K, capacity 17366K, committed 17448K, reserved 1048576K
Event: 462.120 GC heap after
Heap after GC invocations=75 (full 5):
 PSYoungGen      total 231936K, used 26747K [0x00000000ef500000, 0x0000000100000000, 0x0000000100000000)
  eden space 190464K, 0% used [0x00000000ef500000,0x00000000ef500000,0x00000000faf00000)
  from space 41472K, 64% used [0x00000000fd780000,0x00000000ff19ef18,0x0000000100000000)
  to   space 41472K, 0% used [0x00000000faf00000,0x00000000faf00000,0x00000000fd780000)
 ParOldGen       total 133120K, used 108658K [0x00000000cde00000, 0x00000000d6000000, 0x00000000ef500000)
  object space 133120K, 81% used [0x00000000cde00000,0x00000000d481cb98,0x00000000d6000000)
 Metaspace       used 109324K, capacity 122122K, committed 122408K, reserved 1155072K
  class space    used 13646K, capacity 17366K, committed 17448K, reserved 1048576K
}
Event: 471.830 GC heap before
{Heap before GC invocations=76 (full 5):
 PSYoungGen      total 231936K, used 217211K [0x00000000ef500000, 0x0000000100000000, 0x0000000100000000)
  eden space 190464K, 100% used [0x00000000ef500000,0x00000000faf00000,0x00000000faf00000)
  from space 41472K, 64% used [0x00000000fd780000,0x00000000ff19ef18,0x0000000100000000)
  to   space 41472K, 0% used [0x00000000faf00000,0x00000000faf00000,0x00000000fd780000)
 ParOldGen       total 133120K, used 108658K [0x00000000cde00000, 0x00000000d6000000, 0x00000000ef500000)
  object space 133120K, 81% used [0x00000000cde00000,0x00000000d481cb98,0x00000000d6000000)
 Metaspace       used 109714K, capacity 122702K, committed 122920K, reserved 1155072K
  class space    used 13670K, capacity 17379K, committed 17448K, reserved 1048576K
Event: 471.893 GC heap after
Heap after GC invocations=76 (full 5):
 PSYoungGen      total 222208K, used 31309K [0x00000000ef500000, 0x0000000100000000, 0x0000000100000000)
  eden space 190464K, 0% used [0x00000000ef500000,0x00000000ef500000,0x00000000faf00000)
  from space 31744K, 98% used [0x00000000faf00000,0x00000000fcd93590,0x00000000fce00000)
  to   space 42496K, 0% used [0x00000000fd680000,0x00000000fd680000,0x0000000100000000)
 ParOldGen       total 133120K, used 111550K [0x00000000cde00000, 0x00000000d6000000, 0x00000000ef500000)
  object space 133120K, 83% used [0x00000000cde00000,0x00000000d4aefbe8,0x00000000d6000000)
 Metaspace       used 109714K, capacity 122702K, committed 122920K, reserved 1155072K
  class space    used 13670K, capacity 17379K, committed 17448K, reserved 1048576K
}
Event: 490.061 GC heap before
{Heap before GC invocations=77 (full 5):
 PSYoungGen      total 222208K, used 221773K [0x00000000ef500000, 0x0000000100000000, 0x0000000100000000)
  eden space 190464K, 100% used [0x00000000ef500000,0x00000000faf00000,0x00000000faf00000)
  from space 31744K, 98% used [0x00000000faf00000,0x00000000fcd93590,0x00000000fce00000)
  to   space 42496K, 0% used [0x00000000fd680000,0x00000000fd680000,0x0000000100000000)
 ParOldGen       total 133120K, used 111550K [0x00000000cde00000, 0x00000000d6000000, 0x00000000ef500000)
  object space 133120K, 83% used [0x00000000cde00000,0x00000000d4aefbe8,0x00000000d6000000)
 Metaspace       used 109917K, capacity 122772K, committed 122920K, reserved 1155072K
  class space    used 13671K, capacity 17380K, committed 17448K, reserved 1048576K
Event: 490.135 GC heap after
Heap after GC invocations=77 (full 5):
 PSYoungGen      total 232448K, used 22207K [0x00000000ef500000, 0x0000000100000000, 0x0000000100000000)
  eden space 189952K, 0% used [0x00000000ef500000,0x00000000ef500000,0x00000000fae80000)
  from space 42496K, 52% used [0x00000000fd680000,0x00000000fec2fe40,0x0000000100000000)
  to   space 40960K, 0% used [0x00000000fae80000,0x00000000fae80000,0x00000000fd680000)
 ParOldGen       total 133120K, used 112814K [0x00000000cde00000, 0x00000000d6000000, 0x00000000ef500000)
  object space 133120K, 84% used [0x00000000cde00000,0x00000000d4c2bb80,0x00000000d6000000)
 Metaspace       used 109917K, capacity 122772K, committed 122920K, reserved 1155072K
  class space    used 13671K, capacity 17380K, committed 17448K, reserved 1048576K
}
Event: 494.531 GC heap before
{Heap before GC invocations=78 (full 5):
 PSYoungGen      total 232448K, used 212159K [0x00000000ef500000, 0x0000000100000000, 0x0000000100000000)
  eden space 189952K, 100% used [0x00000000ef500000,0x00000000fae80000,0x00000000fae80000)
  from space 42496K, 52% used [0x00000000fd680000,0x00000000fec2fe40,0x0000000100000000)
  to   space 40960K, 0% used [0x00000000fae80000,0x00000000fae80000,0x00000000fd680000)
 ParOldGen       total 133120K, used 112814K [0x00000000cde00000, 0x00000000d6000000, 0x00000000ef500000)
  object space 133120K, 84% used [0x00000000cde00000,0x00000000d4c2bb80,0x00000000d6000000)
 Metaspace       used 109930K, capacity 122772K, committed 122920K, reserved 1155072K
  class space    used 13671K, capacity 17380K, committed 17448K, reserved 1048576K
Event: 494.561 GC heap after
Heap after GC invocations=78 (full 5):
 PSYoungGen      total 211456K, used 21181K [0x00000000ef500000, 0x00000000ffb80000, 0x0000000100000000)
  eden space 189952K, 0% used [0x00000000ef500000,0x00000000ef500000,0x00000000fae80000)
  from space 21504K, 98% used [0x00000000fae80000,0x00000000fc32f528,0x00000000fc380000)
  to   space 39424K, 0% used [0x00000000fd500000,0x00000000fd500000,0x00000000ffb80000)
 ParOldGen       total 133120K, used 114987K [0x00000000cde00000, 0x00000000d6000000, 0x00000000ef500000)
  object space 133120K, 86% used [0x00000000cde00000,0x00000000d4e4ac40,0x00000000d6000000)
 Metaspace       used 109930K, capacity 122772K, committed 122920K, reserved 1155072K
  class space    used 13671K, capacity 17380K, committed 17448K, reserved 1048576K
}

